<?xml version="1.0" encoding="UTF-8"?>
<testsuite xmlns:xsi="http://www.w3.org/2001/XMLSchema-instance" xsi:noNamespaceSchemaLocation="https://maven.apache.org/surefire/maven-surefire-plugin/xsd/surefire-test-report-3.0.xsd" version="3.0" name="org.crawler.CrawlerTests" time="1.521" tests="8" errors="0" skipped="0" failures="0">
  <properties>
[...]
</properties>
  <testcase name="testHandleDownloadSuccess" classname="org.crawler.CrawlerTests" time="1.37"/>
  <testcase name="testGutenbergDownloadHandlerLanguageFilter" classname="org.crawler.CrawlerTests" time="0.004"/>
  <testcase name="testHandleDownloadFailure" classname="org.crawler.CrawlerTests" time="0.008"/>
  <testcase name="testAWSWriterWrite" classname="org.crawler.CrawlerTests" time="0.018"/>
  <testcase name="testAWSWriterWriteFailure" classname="org.crawler.CrawlerTests" time="0.004"/>
  <testcase name="testBookControllerDownloadBooksPartialFailure" classname="org.crawler.CrawlerTests" time="0.035">
    <system-out><![CDATA[Download: 1
]]></system-out>
    <system-err><![CDATA[Error downloading book with ID 2: Download error
]]></system-err>
  </testcase>
  <testcase name="testGutenbergDownloadHandlerDownload" classname="org.crawler.CrawlerTests" time="0.024"/>
  <testcase name="testBookControllerDownloadBooksSuccess" classname="org.crawler.CrawlerTests" time="0.011">
    <system-out><![CDATA[Download: 1
]]></system-out>
  </testcase>
</testsuite>